<?xml version="1.0" encoding="UTF-8"?>
<!-- Generated by org.testng.reporters.JUnitReportReporter -->
<testsuite hostname="AEZIONDEV10" name="com.trc.qa.testcases.LandingFAQTest" tests="5" failures="0" timestamp="5 Apr 2018 10:41:05 GMT" time="60.532" errors="0">
  <testcase name="VerifyquestionTest" time="9.559" classname="com.trc.qa.testcases.LandingFAQTest"/>
  <testcase name="requestguide" time="11.328" classname="com.trc.qa.testcases.LandingFAQTest"/>
  <testcase name="VerifyHomePageTitleTest" time="8.876" classname="com.trc.qa.testcases.LandingFAQTest"/>
  <testcase name="homepagelink" time="22.040" classname="com.trc.qa.testcases.LandingFAQTest"/>
  <testcase name="getitleTest" time="8.729" classname="com.trc.qa.testcases.LandingFAQTest"/>
</testsuite>
