<?xml version="1.0" encoding="UTF-8"?>
<!-- Generated by org.testng.reporters.JUnitReportReporter -->
<testsuite hostname="AEZIONDEV10" name="com.trc.qa.testcases.AppointmentTypesTest" tests="3" failures="0" timestamp="5 Apr 2018 10:41:05 GMT" time="17.577" errors="0">
  <testcase name="EditTemplate" time="5.023" classname="com.trc.qa.testcases.AppointmentTypesTest"/>
  <testcase name="delete" time="7.523" classname="com.trc.qa.testcases.AppointmentTypesTest"/>
  <testcase name="ADDnewTemplate" time="5.031" classname="com.trc.qa.testcases.AppointmentTypesTest"/>
</testsuite>
