<?xml version="1.0" encoding="UTF-8"?>
<!-- Generated by org.testng.reporters.JUnitReportReporter -->
<testsuite hostname="AEZIONDEV10" name="com.trc.qa.testcases.PPReferralPatientsTest" tests="3" failures="0" timestamp="6 Apr 2018 07:53:21 GMT" time="30.334" errors="0">
  <testcase name="search" time="1.950" classname="com.trc.qa.testcases.PPReferralPatientsTest"/>
  <testcase name="selectBootstrapdropdown" time="18.314" classname="com.trc.qa.testcases.PPReferralPatientsTest"/>
  <testcase name="downloadpdf" time="10.070" classname="com.trc.qa.testcases.PPReferralPatientsTest"/>
</testsuite>
