<?xml version="1.0" encoding="UTF-8"?>
<!-- Generated by org.testng.reporters.JUnitReportReporter -->
<testsuite hostname="AEZIONDEV10" name="com.trc.qa.testcases.CUpcomingPatientTest" tests="1" failures="0" timestamp="6 Apr 2018 04:42:07 GMT" time="1.575" errors="0">
  <testcase name="UpcomingPatient" time="1.575" classname="com.trc.qa.testcases.CUpcomingPatientTest"/>
</testsuite>
