<?xml version="1.0" encoding="UTF-8"?>
<!-- Generated by org.testng.reporters.JUnitReportReporter -->
<testsuite hostname="AEZIONDEV10" name="com.trc.qa.testcases.PPPhysicianMyavailabiltyTest" tests="6" failures="0" timestamp="6 Apr 2018 07:53:21 GMT" time="27.220" errors="0">
  <testcase name="AvaliablityAdd" time="4.475" classname="com.trc.qa.testcases.PPPhysicianMyavailabiltyTest"/>
  <testcase name="delete" time="4.906" classname="com.trc.qa.testcases.PPPhysicianMyavailabiltyTest"/>
  <testcase name="delete1" time="4.421" classname="com.trc.qa.testcases.PPPhysicianMyavailabiltyTest"/>
  <testcase name="delete3" time="4.330" classname="com.trc.qa.testcases.PPPhysicianMyavailabiltyTest"/>
  <testcase name="deleten" time="4.722" classname="com.trc.qa.testcases.PPPhysicianMyavailabiltyTest"/>
  <testcase name="delete2" time="4.366" classname="com.trc.qa.testcases.PPPhysicianMyavailabiltyTest"/>
</testsuite>
