<?xml version="1.0" encoding="UTF-8"?>
<!-- Generated by org.testng.reporters.JUnitReportReporter -->
<testsuite hostname="AEZIONDEV10" name="com.trc.qa.testcases.BabyGalleryTest" tests="2" failures="0" timestamp="5 Apr 2018 10:41:05 GMT" time="13.844" errors="0">
  <testcase name="EditPhototogallery" time="6.318" classname="com.trc.qa.testcases.BabyGalleryTest"/>
  <testcase name="Deletephotofromgallery" time="7.526" classname="com.trc.qa.testcases.BabyGalleryTest"/>
</testsuite>
