<?xml version="1.0" encoding="UTF-8"?>
<!-- Generated by org.testng.reporters.JUnitReportReporter -->
<testsuite hostname="AEZIONDEV10" name="com.trc.qa.testcases.PPhysicainPatientTest" tests="6" failures="0" timestamp="6 Apr 2018 07:53:21 GMT" time="73.253" errors="0">
  <testcase name="searchpatientwithemail" time="5.262" classname="com.trc.qa.testcases.PPhysicainPatientTest"/>
  <testcase name="createnewPatient" time="48.284" classname="com.trc.qa.testcases.PPhysicainPatientTest"/>
  <testcase name="textCheck" time="1.649" classname="com.trc.qa.testcases.PPhysicainPatientTest"/>
  <testcase name="Downloadpdf" time="10.000" classname="com.trc.qa.testcases.PPhysicainPatientTest"/>
  <testcase name="searchpatient" time="2.778" classname="com.trc.qa.testcases.PPhysicainPatientTest"/>
  <testcase name="searchpatientwithname" time="5.280" classname="com.trc.qa.testcases.PPhysicainPatientTest"/>
</testsuite>
