<?xml version="1.0" encoding="UTF-8"?>
<!-- Generated by org.testng.reporters.JUnitReportReporter -->
<testsuite hostname="AEZIONDEV10" name="com.trc.qa.testcases.PatientEmailTemplateTest" tests="3" failures="0" timestamp="5 Apr 2018 10:41:05 GMT" time="21.582" errors="0">
  <testcase name="delete" time="7.544" classname="com.trc.qa.testcases.PatientEmailTemplateTest"/>
  <testcase name="ADDnewTemplate" time="6.867" classname="com.trc.qa.testcases.PatientEmailTemplateTest"/>
  <testcase name="EditTemplate" time="7.171" classname="com.trc.qa.testcases.PatientEmailTemplateTest"/>
</testsuite>
