<?xml version="1.0" encoding="UTF-8"?>
<!-- Generated by org.testng.reporters.JUnitReportReporter -->
<testsuite hostname="AEZIONDEV10" name="com.trc.qa.testcases.LeadsPageTest" tests="2" failures="0" timestamp="5 Apr 2018 10:41:05 GMT" time="4.268" errors="0">
  <testcase name="viewLead" time="2.673" classname="com.trc.qa.testcases.LeadsPageTest"/>
  <testcase name="searchWaitingListPatient" time="1.595" classname="com.trc.qa.testcases.LeadsPageTest"/>
</testsuite>
