<?xml version="1.0" encoding="UTF-8"?>
<!-- Generated by org.testng.reporters.JUnitReportReporter -->
<testsuite hostname="AEZIONDEV10" name="com.trc.qa.pages.UpcomingPatientsPage" tests="1" failures="0" timestamp="19 Mar 2018 11:40:27 GMT" time="1.591" errors="0">
  <testcase name="UpcomingPatient" time="1.591" classname="com.trc.qa.pages.UpcomingPatientsPage"/>
</testsuite>
