<?xml version="1.0" encoding="UTF-8"?>
<!-- Generated by org.testng.reporters.JUnitReportReporter -->
<testsuite hostname="AEZIONDEV10" name="com.trc.qa.testcases.CPhysicianPageTest" tests="2" failures="0" timestamp="6 Apr 2018 04:42:07 GMT" time="38.552" errors="0">
  <testcase name="addnewphysicianvalidations" time="20.599" classname="com.trc.qa.testcases.CPhysicianPageTest"/>
  <testcase name="addnewphysician" time="17.953" classname="com.trc.qa.testcases.CPhysicianPageTest"/>
</testsuite>
