<?xml version="1.0" encoding="UTF-8"?>
<!-- Generated by org.testng.reporters.JUnitReportReporter -->
<testsuite hostname="AEZIONDEV10" name="com.trc.qa.testcases.PPArchivedPatientsListTest" tests="1" failures="0" timestamp="6 Apr 2018 07:53:21 GMT" time="2.094" errors="0">
  <testcase name="searchWaitingListPatient" time="2.094" classname="com.trc.qa.testcases.PPArchivedPatientsListTest"/>
</testsuite>
