<?xml version="1.0" encoding="UTF-8"?>
<!-- Generated by org.testng.reporters.JUnitReportReporter -->
<testsuite hostname="AEZIONDEV10" name="com.trc.qa.testcases.SystemEmailTemplateTypesTest" tests="3" failures="0" timestamp="5 Apr 2018 10:41:05 GMT" time="20.264" errors="0">
  <testcase name="delete" time="9.680" classname="com.trc.qa.testcases.SystemEmailTemplateTypesTest"/>
  <testcase name="ADDnewBlogCategories" time="5.288" classname="com.trc.qa.testcases.SystemEmailTemplateTypesTest"/>
  <testcase name="EditTemplate" time="5.296" classname="com.trc.qa.testcases.SystemEmailTemplateTypesTest"/>
</testsuite>
