<?xml version="1.0" encoding="UTF-8"?>
<!-- Generated by org.testng.reporters.JUnitReportReporter -->
<testsuite hostname="AEZIONDEV10" name="com.trc.qa.testcases.CLeadsPageTest" tests="2" failures="0" timestamp="6 Apr 2018 04:42:07 GMT" time="4.652" errors="0">
  <testcase name="viewLead" time="2.943" classname="com.trc.qa.testcases.CLeadsPageTest"/>
  <testcase name="searchWaitingListPatient" time="1.709" classname="com.trc.qa.testcases.CLeadsPageTest"/>
</testsuite>
