<?xml version="1.0" encoding="UTF-8"?>
<!-- Generated by org.testng.reporters.JUnitReportReporter -->
<testsuite hostname="AEZIONDEV10" name="com.trc.qa.testcases.OverridenPatientTest" tests="1" failures="0" timestamp="5 Apr 2018 10:41:05 GMT" time="4.491" errors="0">
  <testcase name="searchWaitingListPatient" time="4.491" classname="com.trc.qa.testcases.OverridenPatientTest"/>
</testsuite>
