<?xml version="1.0" encoding="UTF-8"?>
<!-- Generated by org.testng.reporters.JUnitReportReporter -->
<testsuite hostname="AEZIONDEV10" name="com.trc.qa.testcases.LandingSucessStoryTest" tests="5" failures="0" timestamp="5 Apr 2018 10:41:05 GMT" time="53.918" errors="0">
  <testcase name="requestguide" time="9.693" classname="com.trc.qa.testcases.LandingSucessStoryTest"/>
  <testcase name="VerifyquestionTest" time="14.173" classname="com.trc.qa.testcases.LandingSucessStoryTest"/>
  <testcase name="homepagelink" time="14.356" classname="com.trc.qa.testcases.LandingSucessStoryTest"/>
  <testcase name="VerifyHomePageTitleTest" time="7.608" classname="com.trc.qa.testcases.LandingSucessStoryTest"/>
  <testcase name="getitleTest" time="8.088" classname="com.trc.qa.testcases.LandingSucessStoryTest"/>
</testsuite>
