<?xml version="1.0" encoding="UTF-8"?>
<!-- Generated by org.testng.reporters.JUnitReportReporter -->
<testsuite hostname="AEZIONDEV10" name="com.trc.qa.pages.BabyGalleryTest" tests="3" failures="0" timestamp="24 Mar 2018 10:30:39 GMT" time="29.523" errors="0">
  <testcase name="EditPhototogallery" time="6.643" classname="com.trc.qa.pages.BabyGalleryTest"/>
  <testcase name="AddNewPhototogallery" time="14.076" classname="com.trc.qa.pages.BabyGalleryTest"/>
  <testcase name="Deletephotofromgallery" time="8.804" classname="com.trc.qa.pages.BabyGalleryTest"/>
</testsuite>
