<?xml version="1.0" encoding="UTF-8"?>
<!-- Generated by org.testng.reporters.JUnitReportReporter -->
<testsuite hostname="AEZIONDEV10" name="com.trc.qa.testcases.SystemEmailTemplateTest" tests="1" failures="0" timestamp="5 Apr 2018 10:41:05 GMT" time="4.622" errors="0">
  <testcase name="delete" time="4.622" classname="com.trc.qa.testcases.SystemEmailTemplateTest"/>
</testsuite>
