<?xml version="1.0" encoding="UTF-8"?>
<!-- Generated by org.testng.reporters.JUnitReportReporter -->
<testsuite hostname="AEZIONDEV10" name="com.trc.qa.testcases.PPMyProfileTest" tests="2" failures="0" timestamp="6 Apr 2018 07:53:21 GMT" time="12.717" errors="0">
  <testcase name="Editprofilepage" time="6.203" classname="com.trc.qa.testcases.PPMyProfileTest"/>
  <testcase name="Changeprofilepage" time="6.514" classname="com.trc.qa.testcases.PPMyProfileTest"/>
</testsuite>
