<?xml version="1.0" encoding="UTF-8"?>
<!-- Generated by org.testng.reporters.JUnitReportReporter -->
<testsuite hostname="AEZIONDEV10" name="com.trc.qa.testcases.PhysicianPagetest" tests="1" failures="0" timestamp="12 Apr 2018 08:18:59 GMT" time="16.176" errors="0">
  <testcase name="addnewphysicianvalidations" time="16.176" classname="com.trc.qa.testcases.PhysicianPagetest"/>
</testsuite>
