<?xml version="1.0" encoding="UTF-8"?>
<!-- Generated by org.testng.reporters.JUnitReportReporter -->
<testsuite hostname="AEZIONDEV10" name="com.trc.qa.testcases.ManageUsersTest" tests="3" failures="0" timestamp="5 Apr 2018 10:41:05 GMT" time="16.259" errors="0">
  <testcase name="AddUser" time="5.403" classname="com.trc.qa.testcases.ManageUsersTest"/>
  <testcase name="DeleteUser" time="5.470" classname="com.trc.qa.testcases.ManageUsersTest"/>
  <testcase name="EditUsr" time="5.386" classname="com.trc.qa.testcases.ManageUsersTest"/>
</testsuite>
