<?xml version="1.0" encoding="UTF-8"?>
<!-- Generated by org.testng.reporters.JUnitReportReporter -->
<testsuite hostname="AEZIONDEV10" name="com.trc.qa.testcases.ReferralPatientsTest" tests="3" failures="0" timestamp="5 Apr 2018 10:41:05 GMT" time="20.477" errors="0">
  <testcase name="selectBootstrapdropdown" time="8.481" classname="com.trc.qa.testcases.ReferralPatientsTest"/>
  <testcase name="search" time="2.014" classname="com.trc.qa.testcases.ReferralPatientsTest"/>
  <testcase name="downloadpdf" time="9.982" classname="com.trc.qa.testcases.ReferralPatientsTest"/>
</testsuite>
