<?xml version="1.0" encoding="UTF-8"?>
<!-- Generated by org.testng.reporters.JUnitReportReporter -->
<testsuite hostname="AEZIONDEV10" name="com.trc.qa.testcases.CReferralPatientsTest" tests="3" failures="0" timestamp="6 Apr 2018 04:42:07 GMT" time="30.265" errors="0">
  <testcase name="search" time="2.010" classname="com.trc.qa.testcases.CReferralPatientsTest"/>
  <testcase name="selectBootstrapdropdown" time="18.375" classname="com.trc.qa.testcases.CReferralPatientsTest"/>
  <testcase name="downloadpdf" time="9.880" classname="com.trc.qa.testcases.CReferralPatientsTest"/>
</testsuite>
