<?xml version="1.0" encoding="UTF-8"?>
<!-- Generated by org.testng.reporters.JUnitReportReporter -->
<testsuite hostname="AEZIONDEV10" name="com.trc.qa.testcases.ClinicPageTest" tests="1" failures="0" timestamp="12 Apr 2018 08:21:42 GMT" time="4.128" errors="0">
  <testcase name="ClinicPage" time="4.128" classname="com.trc.qa.testcases.ClinicPageTest"/>
</testsuite>
