<?xml version="1.0" encoding="UTF-8"?>
<!-- Generated by org.testng.reporters.JUnitReportReporter -->
<testsuite hostname="AEZIONDEV10" name="com.trc.qa.testcases.CampaignStagesTest" tests="2" failures="0" timestamp="5 Apr 2018 10:41:05 GMT" time="5.325" errors="0">
  <testcase name="DelDrip" time="1.591" classname="com.trc.qa.testcases.CampaignStagesTest"/>
  <testcase name="EditDrip" time="3.734" classname="com.trc.qa.testcases.CampaignStagesTest"/>
</testsuite>
