<?xml version="1.0" encoding="UTF-8"?>
<!-- Generated by org.testng.reporters.JUnitReportReporter -->
<testsuite hostname="AEZIONDEV10" name="com.trc.qa.testcases.ProcedureLandingTest" tests="5" failures="0" timestamp="5 Apr 2018 10:41:05 GMT" time="42.211" errors="0">
  <testcase name="VerifyquestionTest" time="7.143" classname="com.trc.qa.testcases.ProcedureLandingTest"/>
  <testcase name="requestguide" time="10.899" classname="com.trc.qa.testcases.ProcedureLandingTest"/>
  <testcase name="VerifyHomePageTitleTest" time="5.986" classname="com.trc.qa.testcases.ProcedureLandingTest"/>
  <testcase name="getitleTest" time="5.375" classname="com.trc.qa.testcases.ProcedureLandingTest"/>
  <testcase name="homepagelink" time="12.808" classname="com.trc.qa.testcases.ProcedureLandingTest"/>
</testsuite>
