<?xml version="1.0" encoding="UTF-8"?>
<!-- Generated by org.testng.reporters.JUnitReportReporter -->
<testsuite hostname="AEZIONDEV10" name="Runner.RunFailedTestCase" tests="1" failures="0" timestamp="6 Apr 2018 05:40:43 GMT" time="27.441" errors="0">
  <testcase name="main" time="27.441" classname="Runner.RunFailedTestCase"/>
</testsuite>
