<?xml version="1.0" encoding="UTF-8"?>
<!-- Generated by org.testng.reporters.JUnitReportReporter -->
<testsuite hostname="AEZIONDEV10" name="com.trc.qa.testcases.DripCampaignsTest" tests="2" failures="0" timestamp="5 Apr 2018 10:41:05 GMT" time="6.974" errors="0">
  <testcase name="EditDrip" time="5.347" classname="com.trc.qa.testcases.DripCampaignsTest"/>
  <testcase name="DeleteDrip" time="1.627" classname="com.trc.qa.testcases.DripCampaignsTest"/>
</testsuite>
