<?xml version="1.0" encoding="UTF-8"?>
<!-- Generated by org.testng.reporters.JUnitReportReporter -->
<testsuite hostname="AEZIONDEV10" name="com.trc.qa.testcases.MyProfileTest" tests="2" failures="0" timestamp="6 Apr 2018 04:42:07 GMT" time="11.427" errors="0">
  <testcase name="Editprofilepage" time="5.699" classname="com.trc.qa.testcases.MyProfileTest"/>
  <testcase name="Changeprofilepage" time="5.728" classname="com.trc.qa.testcases.MyProfileTest"/>
</testsuite>
