<?xml version="1.0" encoding="UTF-8"?>
<!-- Generated by org.testng.reporters.JUnitReportReporter -->
<testsuite hostname="AEZIONDEV10" name="com.trc.qa.testcases.LandinghomeTest" tests="5" failures="0" timestamp="5 Apr 2018 10:41:05 GMT" time="8.735" errors="0">
  <testcase name="VerifyquestionTest" time="1.486" classname="com.trc.qa.testcases.LandinghomeTest"/>
  <testcase name="requestguide" time="1.061" classname="com.trc.qa.testcases.LandinghomeTest"/>
  <testcase name="getitleTest" time="0.025" classname="com.trc.qa.testcases.LandinghomeTest"/>
  <testcase name="VerifyHomePageTitleTest" time="0.057" classname="com.trc.qa.testcases.LandinghomeTest"/>
  <testcase name="homepagelink" time="6.106" classname="com.trc.qa.testcases.LandinghomeTest"/>
</testsuite>
