<?xml version="1.0" encoding="UTF-8"?>
<!-- Generated by org.testng.reporters.JUnitReportReporter -->
<testsuite hostname="AEZIONDEV10" name="com.trc.qa.util.ManageUsersTest" tests="3" failures="0" timestamp="23 Mar 2018 09:32:23 GMT" time="16.136" errors="0">
  <testcase name="AddUser" time="5.265" classname="com.trc.qa.util.ManageUsersTest"/>
  <testcase name="DeleteUser" time="5.515" classname="com.trc.qa.util.ManageUsersTest"/>
  <testcase name="EditUsr" time="5.356" classname="com.trc.qa.util.ManageUsersTest"/>
</testsuite>
