<?xml version="1.0" encoding="UTF-8"?>
<!-- Generated by org.testng.reporters.JUnitReportReporter -->
<testsuite hostname="AEZIONDEV10" name="com.trc.qa.testcases.BlogCategoriesTest" tests="3" failures="0" timestamp="5 Apr 2018 10:41:05 GMT" time="17.595" errors="0">
  <testcase name="EditTemplate" time="4.985" classname="com.trc.qa.testcases.BlogCategoriesTest"/>
  <testcase name="delete" time="7.623" classname="com.trc.qa.testcases.BlogCategoriesTest"/>
  <testcase name="ADDnewBlogCategories" time="4.987" classname="com.trc.qa.testcases.BlogCategoriesTest"/>
</testsuite>
