<?xml version="1.0" encoding="UTF-8"?>
<!-- Generated by org.testng.reporters.JUnitReportReporter -->
<testsuite hostname="AEZIONDEV10" name="com.trc.qa.testcases.LoginPageTest" tests="3" failures="0" timestamp="5 Apr 2018 10:41:05 GMT" time="5.690" errors="0">
  <testcase name="TrclogoImageTest" time="0.071" classname="com.trc.qa.testcases.LoginPageTest"/>
  <testcase name="loginTest" time="5.600" classname="com.trc.qa.testcases.LoginPageTest"/>
  <testcase name="loginPageTitleTest" time="0.019" classname="com.trc.qa.testcases.LoginPageTest"/>
</testsuite>
