<?xml version="1.0" encoding="UTF-8"?>
<!-- Generated by org.testng.reporters.JUnitReportReporter -->
<testsuite hostname="AEZIONDEV10" name="com.trc.qa.testcases.PPUpcomingPatientTest" tests="1" failures="0" timestamp="18 Apr 2018 09:58:34 GMT" time="1.603" errors="0">
  <testcase name="UpcomingPatient" time="1.603" classname="com.trc.qa.testcases.PPUpcomingPatientTest"/>
</testsuite>
