<?xml version="1.0" encoding="UTF-8"?>
<!-- Generated by org.testng.reporters.JUnitReportReporter -->
<testsuite hostname="AEZIONDEV10" name="com.trc.qa.testcases.PPMyProfileTest" tests="2" failures="0" timestamp="18 Apr 2018 09:58:34 GMT" time="11.682" errors="0">
  <testcase name="Editprofilepage" time="5.795" classname="com.trc.qa.testcases.PPMyProfileTest"/>
  <testcase name="Changeprofilepage" time="5.887" classname="com.trc.qa.testcases.PPMyProfileTest"/>
</testsuite>
