<?xml version="1.0" encoding="UTF-8"?>
<!-- Generated by org.testng.reporters.JUnitReportReporter -->
<testsuite hostname="AEZIONDEV10" name="com.trc.qa.testcases.PPReferralPatientsTest" tests="3" failures="0" timestamp="18 Apr 2018 09:58:34 GMT" time="30.534" errors="0">
  <testcase name="downloadpdf" time="10.069" classname="com.trc.qa.testcases.PPReferralPatientsTest"/>
  <testcase name="selectBootstrapdropdown" time="18.372" classname="com.trc.qa.testcases.PPReferralPatientsTest"/>
  <testcase name="search" time="2.093" classname="com.trc.qa.testcases.PPReferralPatientsTest"/>
</testsuite>
