<?xml version="1.0" encoding="UTF-8"?>
<!-- Generated by org.testng.reporters.JUnitReportReporter -->
<testsuite hostname="AEZIONDEV10" name="com.trc.qa.testcases.PPhysicainPatientTest" tests="6" failures="0" timestamp="18 Apr 2018 09:58:34 GMT" time="72.533" errors="0">
  <testcase name="searchpatientwithname" time="5.401" classname="com.trc.qa.testcases.PPhysicainPatientTest"/>
  <testcase name="searchpatient" time="2.206" classname="com.trc.qa.testcases.PPhysicainPatientTest"/>
  <testcase name="Downloadpdf" time="10.067" classname="com.trc.qa.testcases.PPhysicainPatientTest"/>
  <testcase name="searchpatientwithemail" time="5.372" classname="com.trc.qa.testcases.PPhysicainPatientTest"/>
  <testcase name="createnewPatient" time="47.863" classname="com.trc.qa.testcases.PPhysicainPatientTest"/>
  <testcase name="textCheck" time="1.624" classname="com.trc.qa.testcases.PPhysicainPatientTest"/>
</testsuite>
