<?xml version="1.0" encoding="UTF-8"?>
<!-- Generated by org.testng.reporters.JUnitReportReporter -->
<testsuite hostname="AEZIONDEV10" name="com.trc.qa.testcases.PPPhysicianMyavailabiltyTest" tests="6" failures="0" timestamp="18 Apr 2018 09:58:34 GMT" time="27.660" errors="0">
  <testcase name="AvaliablityAdd" time="4.731" classname="com.trc.qa.testcases.PPPhysicianMyavailabiltyTest"/>
  <testcase name="deleten" time="4.926" classname="com.trc.qa.testcases.PPPhysicianMyavailabiltyTest"/>
  <testcase name="delete" time="4.655" classname="com.trc.qa.testcases.PPPhysicianMyavailabiltyTest"/>
  <testcase name="delete3" time="4.534" classname="com.trc.qa.testcases.PPPhysicianMyavailabiltyTest"/>
  <testcase name="delete2" time="4.454" classname="com.trc.qa.testcases.PPPhysicianMyavailabiltyTest"/>
  <testcase name="delete1" time="4.360" classname="com.trc.qa.testcases.PPPhysicianMyavailabiltyTest"/>
</testsuite>
